1> 2> 1> 2> 3> 4> 5> 6> 7> (1 row affected)
1> 2> (1 row affected)
1> 2> (1 row affected)
1> 2> (1 row affected)
1> 2> (1 row affected)
1> 2> (1 row affected)
1> 2> (1 row affected)
1> 2> (1 row affected)
1> 2> (1 row affected)
1> 2> (1 row affected)
1> 2> (1 row affected)
1> 2> (1 row affected)
1> 2> (1 row affected)
1> 2> (1 row affected)
1> 2> (1 row affected)
1> 2> 3> 4> 5> 6> 7> (1 row affected)
(1 row affected)
(1 row affected)
1> 2> (1 row affected)
(1 row affected)
(1 row affected)
1> 2> (1 row affected)
(1 row affected)
(1 row affected)
1> 2> (1 row affected)
(1 row affected)
(1 row affected)
1> 2> (1 row affected)
(1 row affected)
(1 row affected)
1> 2> (1 row affected)
(1 row affected)
(1 row affected)
1> 2> (1 row affected)
(1 row affected)
(1 row affected)
1> 2> (1 row affected)
(1 row affected)
(1 row affected)
1> 2> (1 row affected)
(1 row affected)
(1 row affected)
1> 2> (1 row affected)
(1 row affected)
(1 row affected)
1> 2> (1 row affected)
(1 row affected)
(1 row affected)
1> 2> (1 row affected)
(1 row affected)
(1 row affected)
1> 2> 3> 4> 5> 6> 7> (1 row affected)
1> 2> (1 row affected)
1> 2> (1 row affected)
1> 2> (1 row affected)
1> 2> (1 row affected)
1> 2> (1 row affected)
1> 2> 3> (1 row affected)
(1 row affected)
1> 2> (1 row affected)
1> 2> (1 row affected)
1> 2> (1 row affected)
1> 2> (1 row affected)
1> 